undefined
{"level":"error","message":"[GET] / - ::1","metadata":{}}
{"level":"info","message":"Environment: development","metadata":{}}
{"level":"info","message":"Server is running on port 2004","metadata":{}}
{"level":"info","message":"[GET] / - ::1","metadata":{}}
{"level":"info","message":"Environment: development","metadata":{}}
{"level":"info","message":"Server is running on port 2004","metadata":{}}
{"level":"info","message":"Environment: development","metadata":{}}
{"level":"info","message":"Server is running on port 2004","metadata":{}}
{"level":"info","message":"Environment: development","metadata":{}}
{"level":"info","message":"Server is running on port 2004","metadata":{}}
{"level":"info","message":"Environment: development","metadata":{}}
{"level":"info","message":"Server is running on port 2004","metadata":{}}
{"level":"info","message":"Environment: development","metadata":{}}
{"level":"info","message":"Server is running on port 2004","metadata":{}}
{"level":"info","message":"Environment: development","metadata":{}}
{"level":"info","message":"Server is running on port 2004","metadata":{}}
{"level":"info","message":"Environment: development","metadata":{}}
{"level":"info","message":"Server is running on port 2004","metadata":{}}
{"level":"info","message":"Environment: development","metadata":{}}
{"level":"info","message":"Server is running on port 2004","metadata":{}}
{"level":"info","message":"Environment: development","metadata":{}}
{"level":"info","message":"Server is running on port 2004","metadata":{}}
{"level":"info","message":"Environment: development","metadata":{}}
{"level":"info","message":"Server is running on port 2004","metadata":{}}
{"level":"info","message":"Environment: development","metadata":{}}
{"level":"info","message":"Server is running on port 2004","metadata":{}}
{"level":"info","message":"Environment: development","metadata":{}}
{"level":"info","message":"Server is running on port 2004","metadata":{}}
{"level":"info","message":"Environment: development","metadata":{}}
{"level":"info","message":"Server is running on port 2004","metadata":{}}
{"level":"info","message":"Environment: development","metadata":{}}
{"level":"info","message":"Server is running on port 2004","metadata":{}}
{"level":"info","message":"Environment: development","metadata":{}}
{"level":"info","message":"Server is running on port 2004","metadata":{}}
{"level":"info","message":"Environment: development","metadata":{}}
{"level":"info","message":"Server is running on port 2004","metadata":{}}
{"level":"info","message":"Environment: development","metadata":{}}
{"level":"info","message":"Server is running on port 2004","metadata":{}}
{"level":"info","message":"Environment: development","metadata":{}}
{"level":"info","message":"Server is running on port 2004","metadata":{}}
{"level":"info","message":"Environment: development","metadata":{}}
{"level":"info","message":"Server is running on port 2004","metadata":{}}
{"level":"info","message":"Environment: development","metadata":{}}
{"level":"info","message":"Server is running on port 2004","metadata":{}}
{"level":"info","message":"Environment: development","metadata":{}}
{"level":"info","message":"Server is running on port 2004","metadata":{}}
{"level":"info","message":"[GET] /Account/count - ::1","metadata":{}}
{"level":"info","message":"[GET] /account/count - ::1","metadata":{}}
{"level":"info","message":"Environment: development","metadata":{}}
{"level":"info","message":"Server is running on port 2004","metadata":{}}
{"level":"info","message":"[GET] / - ::1","metadata":{}}
{"level":"info","message":"[GET] /account/count - ::1","metadata":{}}
{"level":"info","message":"[GET] /account/count - ::1","metadata":{}}
{"level":"info","message":"Environment: development","metadata":{}}
{"level":"info","message":"Server is running on port 2004","metadata":{}}
{"level":"info","message":"[GET] /account/count - ::1","metadata":{}}
{"level":"info","message":"Environment: development","metadata":{}}
{"level":"info","message":"Server is running on port 2004","metadata":{}}
{"level":"info","message":"Environment: development","metadata":{}}
{"level":"info","message":"Server is running on port 2004","metadata":{}}
{"level":"info","message":"[GET] /account/count - ::1","metadata":{}}
{"level":"info","message":"Environment: development","metadata":{}}
{"level":"info","message":"Server is running on port 2004","metadata":{}}
{"level":"info","message":"[GET] /account/count - ::1","metadata":{}}
{"level":"info","message":"Environment: development","metadata":{}}
{"level":"info","message":"Server is running on port 2004","metadata":{}}
{"level":"info","message":"[GET] /account/count - ::1","metadata":{}}
{"level":"info","message":"[GET] /account/count - ::1","metadata":{}}
{"level":"info","message":"[GET] /account/count - ::1","metadata":{}}
{"level":"info","message":"[GET] /account/count - ::1","metadata":{}}
{"level":"info","message":"[GET] /account/count - ::1","metadata":{}}
{"level":"info","message":"Environment: development","metadata":{}}
{"level":"info","message":"Server is running on port 2004","metadata":{}}
{"level":"info","message":"[GET] /account/count - ::1","metadata":{}}
{"level":"info","message":"Environment: development","metadata":{}}
{"level":"info","message":"Server is running on port 2004","metadata":{}}
{"level":"info","message":"[GET] /account/count - ::1","metadata":{}}
{"level":"info","message":"Environment: development","metadata":{}}
{"level":"info","message":"Server is running on port 2004","metadata":{}}
{"level":"info","message":"[GET] /account/count - ::1","metadata":{}}
{"level":"info","message":"Environment: development","metadata":{}}
{"level":"info","message":"Server is running on port 2004","metadata":{}}
{"level":"info","message":"Environment: development","metadata":{}}
{"level":"info","message":"Server is running on port 2004","metadata":{}}
{"level":"info","message":"[GET] /account/count - ::1","metadata":{}}
{"level":"info","message":"Environment: development","metadata":{}}
{"level":"info","message":"Server is running on port 2004","metadata":{}}
{"level":"info","message":"[POST] /account/count - ::1","metadata":{}}
{"level":"info","message":"[GET] /account/count - ::1","metadata":{}}
{"level":"info","message":"Environment: development","metadata":{}}
{"level":"info","message":"Server is running on port 2004","metadata":{}}
{"level":"info","message":"[GET] /account/ - ::1","metadata":{}}
{"level":"info","message":"[GET] /account/ - ::1","metadata":{}}
{"level":"info","message":"Environment: development","metadata":{}}
{"level":"info","message":"Server is running on port 2004","metadata":{}}
{"level":"info","message":"[GET] /teste/ - ::1","metadata":{}}
{"level":"info","message":"[GET] /teste/ - ::1","metadata":{}}
{"level":"info","message":"[GET] /teste/ - ::1","metadata":{}}
{"level":"info","message":"[GET] /teste/ - ::1","metadata":{}}
{"level":"info","message":"[GET] /teste/ - ::1","metadata":{}}
{"level":"info","message":"[GET] /teste/ - ::1","metadata":{}}
{"level":"info","message":"[GET] /teste/ - ::1","metadata":{}}
{"level":"info","message":"[GET] /teste/ - ::1","metadata":{}}
{"level":"info","message":"[GET] /teste/ - ::1","metadata":{}}
{"level":"info","message":"[GET] /teste/ - ::1","metadata":{}}
{"level":"info","message":"[GET] /teste/ - ::1","metadata":{}}
{"level":"info","message":"Environment: development","metadata":{}}
{"level":"info","message":"Server is running on port 2004","metadata":{}}
{"level":"info","message":"Environment: development","metadata":{}}
{"level":"info","message":"Server is running on port 2004","metadata":{}}
{"level":"info","message":"[GET] / - ::1","metadata":{}}
{"level":"info","message":"Environment: development","metadata":{}}
{"level":"info","message":"Server is running on port 2004","metadata":{}}
{"level":"info","message":"Environment: development","metadata":{}}
{"level":"info","message":"Server is running on port 2004","metadata":{}}
{"level":"info","message":"[GET] /account - ::1","metadata":{}}
{"level":"info","message":"[GET] /account - ::1","metadata":{}}
{"level":"info","message":"Environment: development","metadata":{}}
{"level":"info","message":"Server is running on port 2004","metadata":{}}
{"level":"info","message":"[GET] /teste - ::1","metadata":{}}
{"level":"info","message":"Environment: development","metadata":{}}
{"level":"info","message":"Server is running on port 2004","metadata":{}}
{"level":"info","message":"[GET] / - ::1","metadata":{}}
{"level":"info","message":"Environment: development","metadata":{}}
{"level":"info","message":"Server is running on port 2004","metadata":{}}
{"level":"info","message":"Environment: development","metadata":{}}
{"level":"info","message":"Server is running on port 2004","metadata":{}}
{"level":"info","message":"[GET] /teste - ::1","metadata":{}}
{"level":"info","message":"Environment: development","metadata":{}}
{"level":"info","message":"Server is running on port 2004","metadata":{}}
{"level":"info","message":"[GET] /teste/account - ::1","metadata":{}}
{"level":"info","message":"[POST] /teste/account - ::1","metadata":{}}
{"level":"info","message":"[POST] /teste/account - ::1","metadata":{}}
{"level":"info","message":"[POST] /teste/account - ::1","metadata":{}}
{"level":"info","message":"Env: development","metadata":{}}
{"level":"info","message":"Server running on port 2004","metadata":{}}
{"level":"info","message":"[GET] /account/count - ::1","metadata":{}}
{"level":"info","message":"Env: development","metadata":{}}
{"level":"info","message":"Server running on port 2004","metadata":{}}
{"level":"info","message":"[GET] /account/count - ::1","metadata":{}}
{"level":"info","message":"Env: development","metadata":{}}
{"level":"info","message":"Server running on port 2004","metadata":{}}
{"level":"info","message":"Env: development","metadata":{}}
{"level":"info","message":"Server running on port 2004","metadata":{}}
